build/app/intermediates/manifest_merge_blame_file/release/manifest-merger-blame-release-report.txt
1<?xml version="1.0" encoding="utf-8"?>
2<manifest xmlns:android="http://schemas.android.com/apk/res/android"
3    package="com.example.people_app"
4    android:versionCode="1"
5    android:versionName="1.0.0" >
6
7    <uses-sdk
8        android:minSdkVersion="21"
8-->src\main\AndroidManifest.xml
9        android:targetSdkVersion="31" />
9-->src\main\AndroidManifest.xml
10
11    <uses-permission android:name="android.permission.INTERNET" />
11-->src\main\AndroidManifest.xml:36:5-67
11-->src\main\AndroidManifest.xml:36:22-64
12    <uses-permission android:name="android.permission.CAMERA" />
12-->[:flutter_barcode_scanner] AndroidManifest.xml:9:5-65
12-->[:flutter_barcode_scanner] AndroidManifest.xml:9:22-62
13
14    <uses-feature android:name="android.hardware.camera" />
14-->[:flutter_barcode_scanner] AndroidManifest.xml:11:5-60
14-->[:flutter_barcode_scanner] AndroidManifest.xml:11:19-57
15
16    <uses-permission android:name="android.permission.FLASHLIGHT" />
16-->[:flutter_barcode_scanner] AndroidManifest.xml:13:5-69
16-->[:flutter_barcode_scanner] AndroidManifest.xml:13:22-66
17    <uses-permission android:name="android.permission.ACCESS_COARSE_LOCATION" />
17-->[:location] AndroidManifest.xml:7:5-81
17-->[:location] AndroidManifest.xml:7:22-78
18    <uses-permission android:name="android.permission.ACCESS_FINE_LOCATION" />
18-->[:location] AndroidManifest.xml:8:5-79
18-->[:location] AndroidManifest.xml:8:22-76
19
20    <application
21        android:name="android.app.Application"
21-->src\main\AndroidManifest.xml:7:9-42
22        android:appComponentFactory="androidx.core.app.CoreComponentFactory"
22-->[androidx.core:core:1.6.0] AndroidManifest.xml:24:18-86
23        android:icon="@mipmap/ic_launcher"
23-->src\main\AndroidManifest.xml:8:9-43
24        android:label="people_app"
24-->src\main\AndroidManifest.xml:6:9-35
25        android:largeHeap="true"
25-->[:flutter_barcode_scanner] AndroidManifest.xml:16:9-33
26        android:networkSecurityConfig="@xml/network_security_config"
26-->src\main\AndroidManifest.xml:5:8-68
27        android:theme="@style/Theme.AppCompat.NoActionBar"
27-->[:flutter_barcode_scanner] AndroidManifest.xml:17:9-59
28        android:usesCleartextTraffic="true" >
28-->src\main\AndroidManifest.xml:4:8-43
29        <activity
29-->src\main\AndroidManifest.xml:9:9-29:20
30            android:name="com.example.people_app.MainActivity"
30-->src\main\AndroidManifest.xml:10:13-41
31            android:configChanges="orientation|keyboardHidden|keyboard|screenSize|smallestScreenSize|locale|layoutDirection|fontScale|screenLayout|density|uiMode"
31-->src\main\AndroidManifest.xml:14:13-163
32            android:exported="true"
32-->src\main\AndroidManifest.xml:11:13-36
33            android:hardwareAccelerated="true"
33-->src\main\AndroidManifest.xml:15:13-47
34            android:launchMode="singleTop"
34-->src\main\AndroidManifest.xml:12:13-43
35            android:theme="@style/LaunchTheme"
35-->src\main\AndroidManifest.xml:13:13-47
36            android:windowSoftInputMode="adjustResize" >
36-->src\main\AndroidManifest.xml:16:13-55
37
38            <!--
39                 Specifies an Android theme to apply to this Activity as soon as
40                 the Android process has started. This theme is visible to the user
41                 while the Flutter UI initializes. After that, this theme continues
42                 to determine the Window background behind the Flutter UI.
43            -->
44            <meta-data
44-->src\main\AndroidManifest.xml:21:13-24:17
45                android:name="io.flutter.embedding.android.NormalTheme"
45-->src\main\AndroidManifest.xml:22:15-70
46                android:resource="@style/NormalTheme" />
46-->src\main\AndroidManifest.xml:23:15-52
47
48            <intent-filter>
48-->src\main\AndroidManifest.xml:25:13-28:29
49                <action android:name="android.intent.action.MAIN" />
49-->src\main\AndroidManifest.xml:26:17-68
49-->src\main\AndroidManifest.xml:26:25-66
50
51                <category android:name="android.intent.category.LAUNCHER" />
51-->src\main\AndroidManifest.xml:27:17-76
51-->src\main\AndroidManifest.xml:27:27-74
52            </intent-filter>
53        </activity>
54        <!--
55             Don't delete the meta-data below.
56             This is used by the Flutter tool to generate GeneratedPluginRegistrant.java
57        -->
58        <meta-data
58-->src\main\AndroidManifest.xml:32:9-34:33
59            android:name="flutterEmbedding"
59-->src\main\AndroidManifest.xml:33:13-44
60            android:value="2" />
60-->src\main\AndroidManifest.xml:34:13-30
61
62        <activity android:name="com.amolg.flutterbarcodescanner.BarcodeCaptureActivity" />
62-->[:flutter_barcode_scanner] AndroidManifest.xml:18:9-91
62-->[:flutter_barcode_scanner] AndroidManifest.xml:18:19-88
63
64        <service
64-->[:location] AndroidManifest.xml:11:9-15:56
65            android:name="com.lyokone.location.FlutterLocationService"
65-->[:location] AndroidManifest.xml:12:13-71
66            android:enabled="true"
66-->[:location] AndroidManifest.xml:13:13-35
67            android:exported="false"
67-->[:location] AndroidManifest.xml:14:13-37
68            android:foregroundServiceType="location" />
68-->[:location] AndroidManifest.xml:15:13-53
69
70        <uses-library
70-->[androidx.window:window:1.0.0-beta04] AndroidManifest.xml:25:9-27:40
71            android:name="androidx.window.extensions"
71-->[androidx.window:window:1.0.0-beta04] AndroidManifest.xml:26:13-54
72            android:required="false" />
72-->[androidx.window:window:1.0.0-beta04] AndroidManifest.xml:27:13-37
73        <uses-library
73-->[androidx.window:window:1.0.0-beta04] AndroidManifest.xml:28:9-30:40
74            android:name="androidx.window.sidecar"
74-->[androidx.window:window:1.0.0-beta04] AndroidManifest.xml:29:13-51
75            android:required="false" />
75-->[androidx.window:window:1.0.0-beta04] AndroidManifest.xml:30:13-37
76
77        <activity
77-->[com.google.android.gms:play-services-base:17.4.0] AndroidManifest.xml:23:9-26:75
78            android:name="com.google.android.gms.common.api.GoogleApiActivity"
78-->[com.google.android.gms:play-services-base:17.4.0] AndroidManifest.xml:24:13-79
79            android:exported="false"
79-->[com.google.android.gms:play-services-base:17.4.0] AndroidManifest.xml:25:13-37
80            android:theme="@android:style/Theme.Translucent.NoTitleBar" />
80-->[com.google.android.gms:play-services-base:17.4.0] AndroidManifest.xml:26:13-72
81
82        <meta-data
82-->[com.google.android.gms:play-services-basement:17.4.0] AndroidManifest.xml:23:9-25:69
83            android:name="com.google.android.gms.version"
83-->[com.google.android.gms:play-services-basement:17.4.0] AndroidManifest.xml:24:13-58
84            android:value="@integer/google_play_services_version" />
84-->[com.google.android.gms:play-services-basement:17.4.0] AndroidManifest.xml:25:13-66
85    </application>
86
87</manifest>